<?xml version="1.0" encoding="UTF-8"?>
<!-- Generated by org.testng.reporters.JUnitReportReporter -->
<testsuite hostname="SANDEEPINI" name="com.actitime.testscript.CustomerModule" tests="1" failures="0" timestamp="9 Jan 2022 11:06:57 GMT" time="37.709" errors="0">
  <testcase name="testCreateCustomer" time="37.709" classname="com.actitime.testscript.CustomerModule"/>
</testsuite> <!-- com.actitime.testscript.CustomerModule -->
