<?xml version="1.0" encoding="UTF-8"?>
<!-- Generated by org.testng.reporters.JUnitReportReporter -->
<testsuite hostname="SANDEEPINI" name="com.actitime.testscript.Demo" tests="2" failures="0" timestamp="9 Jan 2022 11:40:19 GMT" time="0.042" errors="0">
  <testcase name="testLogin" time="0.003" classname="com.actitime.testscript.Demo"/>
  <testcase name="testLogin" time="0.039" classname="com.actitime.testscript.Demo"/>
</testsuite> <!-- com.actitime.testscript.Demo -->
